
R version 3.4.0 (2017-04-21) -- "You Stupid Darkness"
Copyright (C) 2017 The R Foundation for Statistical Computing
Platform: x86_64-redhat-linux-gnu (64-bit)

R is free software and comes with ABSOLUTELY NO WARRANTY.
You are welcome to redistribute it under certain conditions.
Type 'license()' or 'licence()' for distribution details.

R is a collaborative project with many contributors.
Type 'contributors()' for more information and
'citation()' on how to cite R or R packages in publications.

Type 'demo()' for some demos, 'help()' for on-line help, or
'help.start()' for an HTML browser interface to help.
Type 'q()' to quit R.

> 
> # get data
> mpledata<- read.csv("mpledata_all.csv")
> 
> 
> #install.packages("statnet", Sys.getenv("R_LIBS_USER"), repos = "http://cran.case.edu" )
> #library(statnet)
> library(doParallel)
> library(foreach)
> library(biglm)
> 
> 
> registerDoParallel(cores=10)
> 
> # set seed
> set.seed(333)
> 
> # MPLE
> mple.est <- bigglm(edgeij ~ istar2+ostar2+mutual+triangle+ edgecov.mq.t+ edgecov.same.issue.area.t+ edgecov.year.diff.t +edgecov.year.diff.square.t +  
+                 nodeicov.AbsDiffMQscores+ nodeicov.NumberJusticesPro+ edgecov.year.t + nodeifactor.SameIssueArea.2+ nodeifactor.SameIssueArea.3+ 
+                 nodeifactor.SameIssueArea.4+nodeifactor.SameIssueArea.5+ nodeifactor.SameIssueArea.6+ nodeifactor.SameIssueArea.7+ 
+                 nodeifactor.SameIssueArea.8+nodeifactor.SameIssueArea.9+  nodeifactor.SameIssueArea.10+
+                 nodeifactor.SameIssueArea.11+ nodeifactor.SameIssueArea.12+ nodeifactor.SameIssueArea.13+nodeifactor.SameIssueArea.14+ 
+                 nodeofactor.SameIssueArea.2+ nodeofactor.SameIssueArea.3+ nodeofactor.SameIssueArea.4+nodeofactor.SameIssueArea.5+ 
+                 nodeofactor.SameIssueArea.6+nodeofactor.SameIssueArea.7+
+                 nodeofactor.SameIssueArea.8+nodeofactor.SameIssueArea.9+nodeofactor.SameIssueArea.10+ nodeofactor.SameIssueArea.11+ 
+                 nodeofactor.SameIssueArea.12+ nodeofactor.SameIssueArea.13+nodeofactor.SameIssueArea.14+ nodeicov.Overruled +
+                 edgecov.same.opinion.writer.t+ edgecov.same.opinion.writer.t + nodeifactor.MajOpWriter.68 + nodeifactor.MajOpWriter.71+
+                 nodeifactor.MajOpWriter.72+ nodeifactor.MajOpWriter.74+ nodeifactor.MajOpWriter.75+ nodeifactor.MajOpWriter.76+ nodeifactor.MajOpWriter.77 +nodeifactor.MajOpWriter.78+
+                 nodeifactor.MajOpWriter.79+ nodeifactor.MajOpWriter.80+ nodeifactor.MajOpWriter.81+ nodeifactor.MajOpWriter.82+ nodeifactor.MajOpWriter.83+ nodeifactor.MajOpWriter.84+
+                 nodeifactor.MajOpWriter.85+ nodeifactor.MajOpWriter.86+ nodeifactor.MajOpWriter.87+ nodeifactor.MajOpWriter.88+ nodeifactor.MajOpWriter.89+ nodeifactor.MajOpWriter.90+
+                 nodeifactor.MajOpWriter.91+ nodeifactor.MajOpWriter.92+ nodeifactor.MajOpWriter.93+ nodeifactor.MajOpWriter.94+ nodeifactor.MajOpWriter.95+ nodeifactor.MajOpWriter.96+
+                 nodeifactor.MajOpWriter.97+ nodeifactor.MajOpWriter.98+ nodeifactor.MajOpWriter.99+ nodeifactor.MajOpWriter.100+ nodeifactor.MajOpWriter.101+ nodeifactor.MajOpWriter.102+
+                 nodeifactor.MajOpWriter.103+ nodeifactor.MajOpWriter.104+ nodeifactor.MajOpWriter.105+ nodeifactor.MajOpWriter.106+ nodeifactor.MajOpWriter.107+ nodeifactor.MajOpWriter.108+
+                 nodeifactor.MajOpWriter.109+ nodeifactor.MajOpWriter.110+ nodeifactor.MajOpWriter.111+ nodeifactor.MajOpWriter.112+ nodeifactor.MajOpWriter.113+ nodeifactor.MajOpWriter.114+
+                 nodeofactor.MajOpWriter.68+ nodeofactor.MajOpWriter.71+
+                 nodeofactor.MajOpWriter.72+ nodeofactor.MajOpWriter.74+ nodeofactor.MajOpWriter.75+ nodeofactor.MajOpWriter.76+ nodeofactor.MajOpWriter.77+ nodeofactor.MajOpWriter.78+
+                 nodeofactor.MajOpWriter.79+ nodeofactor.MajOpWriter.80+ nodeofactor.MajOpWriter.81+ nodeofactor.MajOpWriter.82+ nodeofactor.MajOpWriter.83+ nodeofactor.MajOpWriter.84+
+                 nodeofactor.MajOpWriter.85+ nodeofactor.MajOpWriter.86+ nodeofactor.MajOpWriter.87+ nodeofactor.MajOpWriter.88+ nodeofactor.MajOpWriter.89+ nodeofactor.MajOpWriter.90+
+                 nodeofactor.MajOpWriter.91+ nodeofactor.MajOpWriter.92+ nodeofactor.MajOpWriter.93+ nodeofactor.MajOpWriter.94+ nodeofactor.MajOpWriter.95+ nodeofactor.MajOpWriter.96+
+                 nodeofactor.MajOpWriter.97+ nodeofactor.MajOpWriter.98+ nodeofactor.MajOpWriter.99+ nodeofactor.MajOpWriter.100+ nodeofactor.MajOpWriter.101+ nodeofactor.MajOpWriter.102+
+                 nodeofactor.MajOpWriter.103+ nodeofactor.MajOpWriter.104+ nodeofactor.MajOpWriter.105+ nodeofactor.MajOpWriter.106+ nodeofactor.MajOpWriter.107+ nodeofactor.MajOpWriter.108+
+                 nodeofactor.MajOpWriter.109+ nodeofactor.MajOpWriter.110+ nodeofactor.MajOpWriter.111+ nodeofactor.MajOpWriter.112+ nodeofactor.MajOpWriter.113+ nodeofactor.MajOpWriter.114+
+                 mix.SameIssueArea.1.1+ mix.SameIssueArea.1.2+ mix.SameIssueArea.1.3+ mix.SameIssueArea.1.4+ mix.SameIssueArea.1.5+ mix.SameIssueArea.1.6+ mix.SameIssueArea.1.7+ mix.SameIssueArea.1.8+
+                 mix.SameIssueArea.1.9+ mix.SameIssueArea.1.10+ mix.SameIssueArea.1.11+ mix.SameIssueArea.1.12+ mix.SameIssueArea.1.13+ mix.SameIssueArea.1.14+ mix.SameIssueArea.2.1+ mix.SameIssueArea.2.2+
+                 mix.SameIssueArea.2.3+mix.SameIssueArea.2.4+mix.SameIssueArea.2.5+mix.SameIssueArea.2.6+mix.SameIssueArea.2.7+mix.SameIssueArea.2.8+mix.SameIssueArea.2.9+mix.SameIssueArea.2.10+
+                 mix.SameIssueArea.2.11+mix.SameIssueArea.2.12+mix.SameIssueArea.2.13+mix.SameIssueArea.2.14+mix.SameIssueArea.3.1+mix.SameIssueArea.3.2+mix.SameIssueArea.3.3+mix.SameIssueArea.3.4+
+                 mix.SameIssueArea.3.5+mix.SameIssueArea.3.6+mix.SameIssueArea.3.7+mix.SameIssueArea.3.8+mix.SameIssueArea.3.9+mix.SameIssueArea.3.10+mix.SameIssueArea.3.11+mix.SameIssueArea.3.12+
+                 mix.SameIssueArea.3.13+mix.SameIssueArea.3.14+mix.SameIssueArea.4.1+mix.SameIssueArea.4.2+mix.SameIssueArea.4.3+mix.SameIssueArea.4.4+mix.SameIssueArea.4.5+mix.SameIssueArea.4.6+
+                 mix.SameIssueArea.4.7+mix.SameIssueArea.4.8+mix.SameIssueArea.4.9+mix.SameIssueArea.4.10+mix.SameIssueArea.4.11+mix.SameIssueArea.4.12+mix.SameIssueArea.4.13+mix.SameIssueArea.4.14+
+                 mix.SameIssueArea.5.1+mix.SameIssueArea.5.2+mix.SameIssueArea.5.3+mix.SameIssueArea.5.4+mix.SameIssueArea.5.5+mix.SameIssueArea.5.6+mix.SameIssueArea.5.7+mix.SameIssueArea.5.8+
+                 mix.SameIssueArea.5.9+mix.SameIssueArea.5.10+mix.SameIssueArea.5.11+mix.SameIssueArea.5.12+mix.SameIssueArea.5.13+mix.SameIssueArea.5.14+mix.SameIssueArea.6.1+mix.SameIssueArea.6.2+
+                 mix.SameIssueArea.6.3+mix.SameIssueArea.6.4+mix.SameIssueArea.6.5+mix.SameIssueArea.6.6+mix.SameIssueArea.6.7+mix.SameIssueArea.6.8+mix.SameIssueArea.6.9+mix.SameIssueArea.6.10+
+                 mix.SameIssueArea.6.11+mix.SameIssueArea.6.12+mix.SameIssueArea.6.13+mix.SameIssueArea.6.14+mix.SameIssueArea.7.1+mix.SameIssueArea.7.2+mix.SameIssueArea.7.3+mix.SameIssueArea.7.4+
+                 mix.SameIssueArea.7.5+mix.SameIssueArea.7.6+mix.SameIssueArea.7.7+mix.SameIssueArea.7.8+mix.SameIssueArea.7.9+mix.SameIssueArea.7.10+mix.SameIssueArea.7.11+mix.SameIssueArea.7.12+
+                 mix.SameIssueArea.7.13+mix.SameIssueArea.7.14+mix.SameIssueArea.8.1+mix.SameIssueArea.8.2+mix.SameIssueArea.8.3+mix.SameIssueArea.8.4+mix.SameIssueArea.8.5+mix.SameIssueArea.8.6+
+                 mix.SameIssueArea.8.7+mix.SameIssueArea.8.8+mix.SameIssueArea.8.9+mix.SameIssueArea.8.10+mix.SameIssueArea.8.11+mix.SameIssueArea.8.12+mix.SameIssueArea.8.13+mix.SameIssueArea.8.14+
+                 mix.SameIssueArea.9.1+mix.SameIssueArea.9.2+mix.SameIssueArea.9.3+mix.SameIssueArea.9.4+mix.SameIssueArea.9.5+mix.SameIssueArea.9.6+mix.SameIssueArea.9.7+mix.SameIssueArea.9.8+
+                 mix.SameIssueArea.9.9+mix.SameIssueArea.9.10+mix.SameIssueArea.9.11+mix.SameIssueArea.9.12+mix.SameIssueArea.9.13+mix.SameIssueArea.9.14+mix.SameIssueArea.10.1+mix.SameIssueArea.10.2+
+                 mix.SameIssueArea.10.3+mix.SameIssueArea.10.4+mix.SameIssueArea.10.5+mix.SameIssueArea.10.6+mix.SameIssueArea.10.7+mix.SameIssueArea.10.8+mix.SameIssueArea.10.9+mix.SameIssueArea.10.10+                     
+                 mix.SameIssueArea.10.11+mix.SameIssueArea.10.12+mix.SameIssueArea.10.13+mix.SameIssueArea.10.14+mix.SameIssueArea.11.1+mix.SameIssueArea.11.2+mix.SameIssueArea.11.3+mix.SameIssueArea.11.4+
+                 mix.SameIssueArea.11.5+mix.SameIssueArea.11.6+mix.SameIssueArea.11.7+mix.SameIssueArea.11.8+mix.SameIssueArea.11.9+mix.SameIssueArea.11.10+mix.SameIssueArea.11.11+mix.SameIssueArea.11.12+
+                 mix.SameIssueArea.11.13+mix.SameIssueArea.11.14+mix.SameIssueArea.12.1+mix.SameIssueArea.12.2+mix.SameIssueArea.12.3+mix.SameIssueArea.12.4+mix.SameIssueArea.12.5+mix.SameIssueArea.12.6+
+                 mix.SameIssueArea.12.7+mix.SameIssueArea.12.8+mix.SameIssueArea.12.9+mix.SameIssueArea.12.10+mix.SameIssueArea.12.11+mix.SameIssueArea.12.12+mix.SameIssueArea.12.13+mix.SameIssueArea.12.14+
+                 mix.SameIssueArea.13.1+mix.SameIssueArea.13.2+mix.SameIssueArea.13.3+mix.SameIssueArea.13.4+mix.SameIssueArea.13.5+mix.SameIssueArea.13.6+mix.SameIssueArea.13.7+mix.SameIssueArea.13.8+
+                 mix.SameIssueArea.13.9+mix.SameIssueArea.13.10+mix.SameIssueArea.13.11+mix.SameIssueArea.13.12+mix.SameIssueArea.13.13+mix.SameIssueArea.13.14+mix.SameIssueArea.14.1+mix.SameIssueArea.14.2+
+                 mix.SameIssueArea.14.3+mix.SameIssueArea.14.4+mix.SameIssueArea.14.5+mix.SameIssueArea.14.6+mix.SameIssueArea.14.7+mix.SameIssueArea.14.8+mix.SameIssueArea.14.9+mix.SameIssueArea.14.10+
+                 mix.SameIssueArea.14.11+mix.SameIssueArea.14.12+
+                 instar2_sendertime+outstar2_sendertime+ mutual_sendertime+ triangle_sendertime+mq_sendertime +sameissuearea_sendertime+
+                 yeardiff_sendertime + yeardiffsquare_sendertime+ AbsDiffMQscores_sendertime + NumberJusticesPro_sendertime+ Overruled_sendertime+
+                 jusitcehomophily_sendertime ,family=binomial(logit),data=mpledata)
> summary(mple.est)
Large data regression model: bigglm(edgeij ~ istar2 + ostar2 + mutual + triangle + edgecov.mq.t + 
    edgecov.same.issue.area.t + edgecov.year.diff.t + edgecov.year.diff.square.t + 
    nodeicov.AbsDiffMQscores + nodeicov.NumberJusticesPro + edgecov.year.t + 
    nodeifactor.SameIssueArea.2 + nodeifactor.SameIssueArea.3 + 
    nodeifactor.SameIssueArea.4 + nodeifactor.SameIssueArea.5 + 
    nodeifactor.SameIssueArea.6 + nodeifactor.SameIssueArea.7 + 
    nodeifactor.SameIssueArea.8 + nodeifactor.SameIssueArea.9 + 
    nodeifactor.SameIssueArea.10 + nodeifactor.SameIssueArea.11 + 
    nodeifactor.SameIssueArea.12 + nodeifactor.SameIssueArea.13 + 
    nodeifactor.SameIssueArea.14 + nodeofactor.SameIssueArea.2 + 
    nodeofactor.SameIssueArea.3 + nodeofactor.SameIssueArea.4 + 
    nodeofactor.SameIssueArea.5 + nodeofactor.SameIssueArea.6 + 
    nodeofactor.SameIssueArea.7 + nodeofactor.SameIssueArea.8 + 
    nodeofactor.SameIssueArea.9 + nodeofactor.SameIssueArea.10 + 
    nodeofactor.SameIssueArea.11 + nodeofactor.SameIssueArea.12 + 
    nodeofactor.SameIssueArea.13 + nodeofactor.SameIssueArea.14 + 
    nodeicov.Overruled + edgecov.same.opinion.writer.t + edgecov.same.opinion.writer.t + 
    nodeifactor.MajOpWriter.68 + nodeifactor.MajOpWriter.71 + 
    nodeifactor.MajOpWriter.72 + nodeifactor.MajOpWriter.74 + 
    nodeifactor.MajOpWriter.75 + nodeifactor.MajOpWriter.76 + 
    nodeifactor.MajOpWriter.77 + nodeifactor.MajOpWriter.78 + 
    nodeifactor.MajOpWriter.79 + nodeifactor.MajOpWriter.80 + 
    nodeifactor.MajOpWriter.81 + nodeifactor.MajOpWriter.82 + 
    nodeifactor.MajOpWriter.83 + nodeifactor.MajOpWriter.84 + 
    nodeifactor.MajOpWriter.85 + nodeifactor.MajOpWriter.86 + 
    nodeifactor.MajOpWriter.87 + nodeifactor.MajOpWriter.88 + 
    nodeifactor.MajOpWriter.89 + nodeifactor.MajOpWriter.90 + 
    nodeifactor.MajOpWriter.91 + nodeifactor.MajOpWriter.92 + 
    nodeifactor.MajOpWriter.93 + nodeifactor.MajOpWriter.94 + 
    nodeifactor.MajOpWriter.95 + nodeifactor.MajOpWriter.96 + 
    nodeifactor.MajOpWriter.97 + nodeifactor.MajOpWriter.98 + 
    nodeifactor.MajOpWriter.99 + nodeifactor.MajOpWriter.100 + 
    nodeifactor.MajOpWriter.101 + nodeifactor.MajOpWriter.102 + 
    nodeifactor.MajOpWriter.103 + nodeifactor.MajOpWriter.104 + 
    nodeifactor.MajOpWriter.105 + nodeifactor.MajOpWriter.106 + 
    nodeifactor.MajOpWriter.107 + nodeifactor.MajOpWriter.108 + 
    nodeifactor.MajOpWriter.109 + nodeifactor.MajOpWriter.110 + 
    nodeifactor.MajOpWriter.111 + nodeifactor.MajOpWriter.112 + 
    nodeifactor.MajOpWriter.113 + nodeifactor.MajOpWriter.114 + 
    nodeofactor.MajOpWriter.68 + nodeofactor.MajOpWriter.71 + 
    nodeofactor.MajOpWriter.72 + nodeofactor.MajOpWriter.74 + 
    nodeofactor.MajOpWriter.75 + nodeofactor.MajOpWriter.76 + 
    nodeofactor.MajOpWriter.77 + nodeofactor.MajOpWriter.78 + 
    nodeofactor.MajOpWriter.79 + nodeofactor.MajOpWriter.80 + 
    nodeofactor.MajOpWriter.81 + nodeofactor.MajOpWriter.82 + 
    nodeofactor.MajOpWriter.83 + nodeofactor.MajOpWriter.84 + 
    nodeofactor.MajOpWriter.85 + nodeofactor.MajOpWriter.86 + 
    nodeofactor.MajOpWriter.87 + nodeofactor.MajOpWriter.88 + 
    nodeofactor.MajOpWriter.89 + nodeofactor.MajOpWriter.90 + 
    nodeofactor.MajOpWriter.91 + nodeofactor.MajOpWriter.92 + 
    nodeofactor.MajOpWriter.93 + nodeofactor.MajOpWriter.94 + 
    nodeofactor.MajOpWriter.95 + nodeofactor.MajOpWriter.96 + 
    nodeofactor.MajOpWriter.97 + nodeofactor.MajOpWriter.98 + 
    nodeofactor.MajOpWriter.99 + nodeofactor.MajOpWriter.100 + 
    nodeofactor.MajOpWriter.101 + nodeofactor.MajOpWriter.102 + 
    nodeofactor.MajOpWriter.103 + nodeofactor.MajOpWriter.104 + 
    nodeofactor.MajOpWriter.105 + nodeofactor.MajOpWriter.106 + 
    nodeofactor.MajOpWriter.107 + nodeofactor.MajOpWriter.108 + 
    nodeofactor.MajOpWriter.109 + nodeofactor.MajOpWriter.110 + 
    nodeofactor.MajOpWriter.111 + nodeofactor.MajOpWriter.112 + 
    nodeofactor.MajOpWriter.113 + nodeofactor.MajOpWriter.114 + 
    mix.SameIssueArea.1.1 + mix.SameIssueArea.1.2 + mix.SameIssueArea.1.3 + 
    mix.SameIssueArea.1.4 + mix.SameIssueArea.1.5 + mix.SameIssueArea.1.6 + 
    mix.SameIssueArea.1.7 + mix.SameIssueArea.1.8 + mix.SameIssueArea.1.9 + 
    mix.SameIssueArea.1.10 + mix.SameIssueArea.1.11 + mix.SameIssueArea.1.12 + 
    mix.SameIssueArea.1.13 + mix.SameIssueArea.1.14 + mix.SameIssueArea.2.1 + 
    mix.SameIssueArea.2.2 + mix.SameIssueArea.2.3 + mix.SameIssueArea.2.4 + 
    mix.SameIssueArea.2.5 + mix.SameIssueArea.2.6 + mix.SameIssueArea.2.7 + 
    mix.SameIssueArea.2.8 + mix.SameIssueArea.2.9 + mix.SameIssueArea.2.10 + 
    mix.SameIssueArea.2.11 + mix.SameIssueArea.2.12 + mix.SameIssueArea.2.13 + 
    mix.SameIssueArea.2.14 + mix.SameIssueArea.3.1 + mix.SameIssueArea.3.2 + 
    mix.SameIssueArea.3.3 + mix.SameIssueArea.3.4 + mix.SameIssueArea.3.5 + 
    mix.SameIssueArea.3.6 + mix.SameIssueArea.3.7 + mix.SameIssueArea.3.8 + 
    mix.SameIssueArea.3.9 + mix.SameIssueArea.3.10 + mix.SameIssueArea.3.11 + 
    mix.SameIssueArea.3.12 + mix.SameIssueArea.3.13 + mix.SameIssueArea.3.14 + 
    mix.SameIssueArea.4.1 + mix.SameIssueArea.4.2 + mix.SameIssueArea.4.3 + 
    mix.SameIssueArea.4.4 + mix.SameIssueArea.4.5 + mix.SameIssueArea.4.6 + 
    mix.SameIssueArea.4.7 + mix.SameIssueArea.4.8 + mix.SameIssueArea.4.9 + 
    mix.SameIssueArea.4.10 + mix.SameIssueArea.4.11 + mix.SameIssueArea.4.12 + 
    mix.SameIssueArea.4.13 + mix.SameIssueArea.4.14 + mix.SameIssueArea.5.1 + 
    mix.SameIssueArea.5.2 + mix.SameIssueArea.5.3 + mix.SameIssueArea.5.4 + 
    mix.SameIssueArea.5.5 + mix.SameIssueArea.5.6 + mix.SameIssueArea.5.7 + 
    mix.SameIssueArea.5.8 + mix.SameIssueArea.5.9 + mix.SameIssueArea.5.10 + 
    mix.SameIssueArea.5.11 + mix.SameIssueArea.5.12 + mix.SameIssueArea.5.13 + 
    mix.SameIssueArea.5.14 + mix.SameIssueArea.6.1 + mix.SameIssueArea.6.2 + 
    mix.SameIssueArea.6.3 + mix.SameIssueArea.6.4 + mix.SameIssueArea.6.5 + 
    mix.SameIssueArea.6.6 + mix.SameIssueArea.6.7 + mix.SameIssueArea.6.8 + 
    mix.SameIssueArea.6.9 + mix.SameIssueArea.6.10 + mix.SameIssueArea.6.11 + 
    mix.SameIssueArea.6.12 + mix.SameIssueArea.6.13 + mix.SameIssueArea.6.14 + 
    mix.SameIssueArea.7.1 + mix.SameIssueArea.7.2 + mix.SameIssueArea.7.3 + 
    mix.SameIssueArea.7.4 + mix.SameIssueArea.7.5 + mix.SameIssueArea.7.6 + 
    mix.SameIssueArea.7.7 + mix.SameIssueArea.7.8 + mix.SameIssueArea.7.9 + 
    mix.SameIssueArea.7.10 + mix.SameIssueArea.7.11 + mix.SameIssueArea.7.12 + 
    mix.SameIssueArea.7.13 + mix.SameIssueArea.7.14 + mix.SameIssueArea.8.1 + 
    mix.SameIssueArea.8.2 + mix.SameIssueArea.8.3 + mix.SameIssueArea.8.4 + 
    mix.SameIssueArea.8.5 + mix.SameIssueArea.8.6 + mix.SameIssueArea.8.7 + 
    mix.SameIssueArea.8.8 + mix.SameIssueArea.8.9 + mix.SameIssueArea.8.10 + 
    mix.SameIssueArea.8.11 + mix.SameIssueArea.8.12 + mix.SameIssueArea.8.13 + 
    mix.SameIssueArea.8.14 + mix.SameIssueArea.9.1 + mix.SameIssueArea.9.2 + 
    mix.SameIssueArea.9.3 + mix.SameIssueArea.9.4 + mix.SameIssueArea.9.5 + 
    mix.SameIssueArea.9.6 + mix.SameIssueArea.9.7 + mix.SameIssueArea.9.8 + 
    mix.SameIssueArea.9.9 + mix.SameIssueArea.9.10 + mix.SameIssueArea.9.11 + 
    mix.SameIssueArea.9.12 + mix.SameIssueArea.9.13 + mix.SameIssueArea.9.14 + 
    mix.SameIssueArea.10.1 + mix.SameIssueArea.10.2 + mix.SameIssueArea.10.3 + 
    mix.SameIssueArea.10.4 + mix.SameIssueArea.10.5 + mix.SameIssueArea.10.6 + 
    mix.SameIssueArea.10.7 + mix.SameIssueArea.10.8 + mix.SameIssueArea.10.9 + 
    mix.SameIssueArea.10.10 + mix.SameIssueArea.10.11 + mix.SameIssueArea.10.12 + 
    mix.SameIssueArea.10.13 + mix.SameIssueArea.10.14 + mix.SameIssueArea.11.1 + 
    mix.SameIssueArea.11.2 + mix.SameIssueArea.11.3 + mix.SameIssueArea.11.4 + 
    mix.SameIssueArea.11.5 + mix.SameIssueArea.11.6 + mix.SameIssueArea.11.7 + 
    mix.SameIssueArea.11.8 + mix.SameIssueArea.11.9 + mix.SameIssueArea.11.10 + 
    mix.SameIssueArea.11.11 + mix.SameIssueArea.11.12 + mix.SameIssueArea.11.13 + 
    mix.SameIssueArea.11.14 + mix.SameIssueArea.12.1 + mix.SameIssueArea.12.2 + 
    mix.SameIssueArea.12.3 + mix.SameIssueArea.12.4 + mix.SameIssueArea.12.5 + 
    mix.SameIssueArea.12.6 + mix.SameIssueArea.12.7 + mix.SameIssueArea.12.8 + 
    mix.SameIssueArea.12.9 + mix.SameIssueArea.12.10 + mix.SameIssueArea.12.11 + 
    mix.SameIssueArea.12.12 + mix.SameIssueArea.12.13 + mix.SameIssueArea.12.14 + 
    mix.SameIssueArea.13.1 + mix.SameIssueArea.13.2 + mix.SameIssueArea.13.3 + 
    mix.SameIssueArea.13.4 + mix.SameIssueArea.13.5 + mix.SameIssueArea.13.6 + 
    mix.SameIssueArea.13.7 + mix.SameIssueArea.13.8 + mix.SameIssueArea.13.9 + 
    mix.SameIssueArea.13.10 + mix.SameIssueArea.13.11 + mix.SameIssueArea.13.12 + 
    mix.SameIssueArea.13.13 + mix.SameIssueArea.13.14 + mix.SameIssueArea.14.1 + 
    mix.SameIssueArea.14.2 + mix.SameIssueArea.14.3 + mix.SameIssueArea.14.4 + 
    mix.SameIssueArea.14.5 + mix.SameIssueArea.14.6 + mix.SameIssueArea.14.7 + 
    mix.SameIssueArea.14.8 + mix.SameIssueArea.14.9 + mix.SameIssueArea.14.10 + 
    mix.SameIssueArea.14.11 + mix.SameIssueArea.14.12 + instar2_sendertime + 
    outstar2_sendertime + mutual_sendertime + triangle_sendertime + 
    mq_sendertime + sameissuearea_sendertime + yeardiff_sendertime + 
    yeardiffsquare_sendertime + AbsDiffMQscores_sendertime + 
    NumberJusticesPro_sendertime + Overruled_sendertime + jusitcehomophily_sendertime, 
    family = binomial(logit), data = mpledata)
Sample size =  2897297 
failed to converge after 8  iterations
                                  Coef     (95%      CI)      SE      p
(Intercept)                    -8.4873  -9.8785  -7.0962  0.6956 0.0000
istar2                          0.0311   0.0284   0.0337  0.0013 0.0000
ostar2                          0.0200   0.0184   0.0216  0.0008 0.0000
mutual                          1.0229  -0.5733   2.6190  0.7981 0.2000
triangle                        1.4573   1.4357   1.4789  0.0108 0.0000
edgecov.mq.t                   -0.0288  -0.0621   0.0045  0.0166 0.0832
edgecov.same.issue.area.t     -34.4062 -77.2816   8.4692 21.4377 0.1085
edgecov.year.diff.t            -0.0640  -0.0707  -0.0572  0.0034 0.0000
edgecov.year.diff.square.t      0.0019   0.0017   0.0020  0.0001 0.0000
nodeicov.AbsDiffMQscores        0.0757   0.0606   0.0907  0.0075 0.0000
nodeicov.NumberJusticesPro     -0.0869  -0.1055  -0.0682  0.0093 0.0000
edgecov.year.t                  0.0297   0.0265   0.0328  0.0016 0.0000
nodeifactor.SameIssueArea.2     0.2699  -2.1525   2.6922  1.2112 0.8237
nodeifactor.SameIssueArea.3    -2.5785  -8.9368   3.7799  3.1792 0.4173
nodeifactor.SameIssueArea.4    -2.3688 -10.5663   5.8288  4.0988 0.5633
nodeifactor.SameIssueArea.5    -2.9296 -30.5541  24.6950 13.8123 0.8320
nodeifactor.SameIssueArea.6    -2.4707 -21.4338  16.4923  9.4815 0.7944
nodeifactor.SameIssueArea.7    -2.2286  -8.6007   4.1436  3.1861 0.4843
nodeifactor.SameIssueArea.8    -2.1498  -5.4219   1.1224  1.6361 0.1888
nodeifactor.SameIssueArea.9    -0.3300  -2.9396   2.2797  1.3048 0.8003
nodeifactor.SameIssueArea.10   -2.2660  -9.9448   5.4127  3.8394 0.5551
nodeifactor.SameIssueArea.11   -2.0837 -19.6204  15.4530  8.7684 0.8122
nodeifactor.SameIssueArea.12   -1.9949  -7.5066   3.5168  2.7559 0.4691
nodeifactor.SameIssueArea.13   -2.5324 -37.6971  32.6322 17.5823 0.8855
nodeifactor.SameIssueArea.14   -1.6377 -22.0117  18.7364 10.1870 0.8723
nodeofactor.SameIssueArea.2    -2.2147  -7.1508   2.7214  2.4681 0.3695
nodeofactor.SameIssueArea.3    -2.1978  -9.1284   4.7329  3.4653 0.5259
nodeofactor.SameIssueArea.4    -2.2944 -13.1739   8.5851  5.4398 0.6732
nodeofactor.SameIssueArea.5     3.0416   0.5834   5.4998  1.2291 0.0133
nodeofactor.SameIssueArea.6    -2.4408 -20.4101  15.5284  8.9846 0.7859
nodeofactor.SameIssueArea.7     2.7597   0.7717   4.7477  0.9940 0.0055
nodeofactor.SameIssueArea.8     1.1015  -0.8792   3.0821  0.9903 0.2660
nodeofactor.SameIssueArea.9     1.5760  -0.3274   3.4794  0.9517 0.0977
nodeofactor.SameIssueArea.10   -2.2898 -11.7777   7.1981  4.7440 0.6293
nodeofactor.SameIssueArea.11   -2.0555 -19.2752  15.1642  8.6099 0.8113
nodeofactor.SameIssueArea.12   -2.1473 -12.7483   8.4538  5.3005 0.6854
nodeofactor.SameIssueArea.13   -2.5735 -40.6281  35.4810 19.0273 0.8924
nodeofactor.SameIssueArea.14   38.9973   1.2595  76.7351 18.8689 0.0388
nodeicov.Overruled             -1.0442  -1.4229  -0.6656  0.1893 0.0000
edgecov.same.opinion.writer.t   0.5971   0.5255   0.6686  0.0358 0.0000
nodeifactor.MajOpWriter.68      0.7872   0.6542   0.9203  0.0665 0.0000
nodeifactor.MajOpWriter.71      0.7171   0.4388   0.9955  0.1392 0.0000
nodeifactor.MajOpWriter.72      0.2557   0.0918   0.4197  0.0820 0.0018
nodeifactor.MajOpWriter.74      0.5905   0.5223   0.6587  0.0341 0.0000
nodeifactor.MajOpWriter.75      0.6381   0.5487   0.7274  0.0447 0.0000
nodeifactor.MajOpWriter.76      0.3938   0.3110   0.4767  0.0414 0.0000
nodeifactor.MajOpWriter.77      0.1392  -0.1613   0.4396  0.1502 0.3542
nodeifactor.MajOpWriter.78      0.5912   0.5369   0.6455  0.0271 0.0000
nodeifactor.MajOpWriter.79      0.3833   0.3147   0.4519  0.0343 0.0000
nodeifactor.MajOpWriter.80      0.7761   0.7156   0.8366  0.0302 0.0000
nodeifactor.MajOpWriter.81      0.5703   0.5170   0.6236  0.0267 0.0000
nodeifactor.MajOpWriter.82      0.6146   0.5314   0.6979  0.0416 0.0000
nodeifactor.MajOpWriter.83      0.5369   0.3358   0.7380  0.1005 0.0000
nodeifactor.MajOpWriter.84      0.9113   0.8401   0.9826  0.0356 0.0000
nodeifactor.MajOpWriter.85      0.7109   0.6103   0.8114  0.0503 0.0000
nodeifactor.MajOpWriter.86      0.5862   0.4901   0.6823  0.0480 0.0000
nodeifactor.MajOpWriter.87      0.6527   0.5542   0.7512  0.0493 0.0000
nodeifactor.MajOpWriter.88      0.5542   0.4820   0.6265  0.0361 0.0000
nodeifactor.MajOpWriter.89      0.4767   0.3515   0.6019  0.0626 0.0000
nodeifactor.MajOpWriter.90      0.8694   0.8018   0.9371  0.0338 0.0000
nodeifactor.MajOpWriter.91      0.7601   0.6855   0.8347  0.0373 0.0000
nodeifactor.MajOpWriter.92      0.6900   0.6330   0.7471  0.0285 0.0000
nodeifactor.MajOpWriter.93      0.5065   0.3608   0.6523  0.0729 0.0000
nodeifactor.MajOpWriter.94      0.5693   0.5057   0.6328  0.0318 0.0000
nodeifactor.MajOpWriter.95      0.7982   0.7389   0.8576  0.0297 0.0000
nodeifactor.MajOpWriter.96      0.7177   0.5623   0.8731  0.0777 0.0000
nodeifactor.MajOpWriter.97      0.9345   0.7909   1.0780  0.0718 0.0000
nodeifactor.MajOpWriter.98      0.9059   0.8382   0.9735  0.0338 0.0000
nodeifactor.MajOpWriter.99      0.7818   0.7105   0.8531  0.0357 0.0000
nodeifactor.MajOpWriter.100     0.7949   0.7233   0.8665  0.0358 0.0000
nodeifactor.MajOpWriter.101     0.7519   0.6786   0.8252  0.0367 0.0000
nodeifactor.MajOpWriter.102     0.8137   0.7490   0.8783  0.0323 0.0000
nodeifactor.MajOpWriter.103     0.8178   0.7455   0.8901  0.0362 0.0000
nodeifactor.MajOpWriter.104     0.9563   0.8753   1.0373  0.0405 0.0000
nodeifactor.MajOpWriter.105     0.9902   0.8993   1.0811  0.0455 0.0000
nodeifactor.MajOpWriter.106     0.8558   0.7572   0.9544  0.0493 0.0000
nodeifactor.MajOpWriter.107     0.8818   0.7685   0.9951  0.0566 0.0000
nodeifactor.MajOpWriter.108     0.7393   0.6249   0.8538  0.0572 0.0000
nodeifactor.MajOpWriter.109     0.4711   0.3474   0.5949  0.0619 0.0000
nodeifactor.MajOpWriter.110     0.2139   0.0732   0.3545  0.0703 0.0024
nodeifactor.MajOpWriter.111    -0.4469  -0.6903  -0.2035  0.1217 0.0002
nodeifactor.MajOpWriter.112    -0.1825  -0.4328   0.0678  0.1252 0.1448
nodeifactor.MajOpWriter.113    -0.7860  -1.1670  -0.4049  0.1905 0.0000
nodeifactor.MajOpWriter.114    -1.1904  -1.6931  -0.6878  0.2513 0.0000
nodeofactor.MajOpWriter.68      0.2494  -0.3367   0.8355  0.2931 0.3948
nodeofactor.MajOpWriter.71     -3.3493 -10.8667   4.1682  3.7587 0.3729
nodeofactor.MajOpWriter.72     -0.3269  -0.9088   0.2549  0.2909 0.2611
nodeofactor.MajOpWriter.74      0.1367   0.0381   0.2354  0.0493 0.0055
nodeofactor.MajOpWriter.75     -0.0625  -0.2972   0.1723  0.1174 0.5946
nodeofactor.MajOpWriter.76     -0.5103  -0.6706  -0.3500  0.0801 0.0000
nodeofactor.MajOpWriter.77     -3.0773 -15.4385   9.2840  6.1806 0.6186
nodeofactor.MajOpWriter.78      0.2134   0.1472   0.2795  0.0331 0.0000
nodeofactor.MajOpWriter.79      0.3234   0.2432   0.4036  0.0401 0.0000
nodeofactor.MajOpWriter.80      0.3050   0.2262   0.3838  0.0394 0.0000
nodeofactor.MajOpWriter.81      0.3189   0.2577   0.3801  0.0306 0.0000
nodeofactor.MajOpWriter.82     -0.2662  -0.3894  -0.1429  0.0616 0.0000
nodeofactor.MajOpWriter.83     -0.5120  -0.9279  -0.0961  0.2080 0.0138
nodeofactor.MajOpWriter.84      0.1571   0.0604   0.2538  0.0484 0.0012
nodeofactor.MajOpWriter.85      0.1652   0.0397   0.2906  0.0627 0.0084
nodeofactor.MajOpWriter.86      0.4715   0.3636   0.5794  0.0540 0.0000
nodeofactor.MajOpWriter.87      0.4205   0.3039   0.5370  0.0583 0.0000
nodeofactor.MajOpWriter.88      0.4612   0.3812   0.5412  0.0400 0.0000
nodeofactor.MajOpWriter.89      0.2888   0.1360   0.4416  0.0764 0.0002
nodeofactor.MajOpWriter.90      0.7837   0.7066   0.8607  0.0385 0.0000
nodeofactor.MajOpWriter.91      0.7181   0.6403   0.7959  0.0389 0.0000
nodeofactor.MajOpWriter.92      0.5081   0.4539   0.5623  0.0271 0.0000
nodeofactor.MajOpWriter.93      0.5736   0.4050   0.7422  0.0843 0.0000
nodeofactor.MajOpWriter.94      0.4816   0.4189   0.5443  0.0313 0.0000
nodeofactor.MajOpWriter.95      0.4374   0.3833   0.4916  0.0271 0.0000
nodeofactor.MajOpWriter.96      0.4607   0.2921   0.6293  0.0843 0.0000
nodeofactor.MajOpWriter.97      0.5833   0.4271   0.7396  0.0781 0.0000
nodeofactor.MajOpWriter.98      0.6176   0.5573   0.6780  0.0302 0.0000
nodeofactor.MajOpWriter.99      0.5154   0.4494   0.5813  0.0330 0.0000
nodeofactor.MajOpWriter.100     0.5772   0.5171   0.6373  0.0301 0.0000
nodeofactor.MajOpWriter.101     0.4530   0.3871   0.5188  0.0329 0.0000
nodeofactor.MajOpWriter.102     0.4098   0.3549   0.4648  0.0275 0.0000
nodeofactor.MajOpWriter.103     0.4148   0.3567   0.4728  0.0290 0.0000
nodeofactor.MajOpWriter.104     0.4424   0.3796   0.5051  0.0314 0.0000
nodeofactor.MajOpWriter.105     0.4877   0.4221   0.5532  0.0328 0.0000
nodeofactor.MajOpWriter.106     0.4128   0.3436   0.4820  0.0346 0.0000
nodeofactor.MajOpWriter.107     0.5618   0.4844   0.6392  0.0387 0.0000
nodeofactor.MajOpWriter.108     0.3879   0.3101   0.4658  0.0389 0.0000
nodeofactor.MajOpWriter.109     0.5155   0.4397   0.5913  0.0379 0.0000
nodeofactor.MajOpWriter.110     0.4481   0.3689   0.5273  0.0396 0.0000
nodeofactor.MajOpWriter.111     0.6139   0.5094   0.7185  0.0523 0.0000
nodeofactor.MajOpWriter.112     0.5001   0.3916   0.6086  0.0543 0.0000
nodeofactor.MajOpWriter.113     0.6248   0.4969   0.7527  0.0640 0.0000
nodeofactor.MajOpWriter.114     0.6011   0.4678   0.7343  0.0666 0.0000
mix.SameIssueArea.1.1          37.3429  -5.5549  80.2407 21.4489 0.0817
mix.SameIssueArea.1.2           1.4879  -0.5011   3.4768  0.9945 0.1346
mix.SameIssueArea.1.3           4.1836  -2.0228  10.3901  3.1032 0.1776
mix.SameIssueArea.1.4           4.5770  -3.5034  12.6574  4.0402 0.2573
mix.SameIssueArea.1.5           4.7574 -22.8334  32.3482 13.7954 0.7302
mix.SameIssueArea.1.6           3.8339 -15.0814  22.7491  9.4576 0.6852
mix.SameIssueArea.1.7           3.4573  -2.7644   9.6790  3.1108 0.2664
mix.SameIssueArea.1.8           3.3983   0.4325   6.3641  1.4829 0.0219
mix.SameIssueArea.1.9           2.0868  -0.1266   4.3002  1.1067 0.0594
mix.SameIssueArea.1.10          3.2645  -4.2905  10.8195  3.7775 0.3875
mix.SameIssueArea.1.11          1.4616 -16.0473  18.9705  8.7544 0.8674
mix.SameIssueArea.1.12          2.9176  -2.4201   8.2553  2.6689 0.2743
mix.SameIssueArea.1.13          4.5344 -30.6053  39.6741 17.5698 0.7963
mix.SameIssueArea.1.14          1.7376 -18.6134  22.0887 10.1755 0.8644
mix.SameIssueArea.2.1           3.9990  -0.7396   8.7376  2.3693 0.0914
mix.SameIssueArea.2.2          39.4994  -3.7049  82.7038 21.6022 0.0675
mix.SameIssueArea.2.3           6.4861  -1.4439  14.4161  3.9650 0.1019
mix.SameIssueArea.2.4           6.7785  -2.6905  16.2475  4.7345 0.1522
mix.SameIssueArea.2.5           6.7462 -21.2831  34.7755 14.0146 0.6303
mix.SameIssueArea.2.6           7.0300 -12.5175  26.5775  9.7737 0.4720
mix.SameIssueArea.2.7           6.2854  -1.6561  14.2269  3.9707 0.1134
mix.SameIssueArea.2.8           6.2063   0.4480  11.9647  2.8792 0.0311
mix.SameIssueArea.2.9           4.6884  -0.7211  10.0979  2.7048 0.0830
mix.SameIssueArea.2.10          6.3906  -2.6332  15.4143  4.5119 0.1567
mix.SameIssueArea.2.11          5.6752 -12.4954  23.8457  9.0853 0.5322
mix.SameIssueArea.2.12          5.4997  -1.7704  12.7698  3.6351 0.1303
mix.SameIssueArea.2.13          6.8078 -28.6776  42.2932 17.7427 0.7012
mix.SameIssueArea.2.14          5.5349 -15.3903  26.4600 10.4626 0.5968
mix.SameIssueArea.3.1           3.9822  -2.8095  10.7739  3.3958 0.2409
mix.SameIssueArea.3.2           3.7970  -3.4137  11.0077  3.6053 0.2923
mix.SameIssueArea.3.3          41.1705  -2.7026  85.0436 21.9366 0.0605
mix.SameIssueArea.3.4           6.4417  -4.2049  17.0883  5.3233 0.2262
mix.SameIssueArea.3.5           6.6909 -21.7582  35.1400 14.2245 0.6381
mix.SameIssueArea.3.6           6.2645 -13.8819  26.4110 10.0732 0.5340
mix.SameIssueArea.3.7           5.8904  -3.4239  15.2047  4.6571 0.2059
mix.SameIssueArea.3.8           5.9237  -1.6150  13.4625  3.7694 0.1161
mix.SameIssueArea.3.9           4.2886  -2.9874  11.5645  3.6380 0.2385
mix.SameIssueArea.3.10          6.1405  -4.1125  16.3935  5.1265 0.2310
mix.SameIssueArea.3.11          4.8279 -14.0045  23.6604  9.4162 0.6081
mix.SameIssueArea.3.12          4.7286  -4.0234  13.4806  4.3760 0.2799
mix.SameIssueArea.3.13          7.4320 -28.3865  43.2505 17.9092 0.6782
mix.SameIssueArea.3.14          4.6433 -16.8636  26.1502 10.7535 0.6659
mix.SameIssueArea.4.1           4.5546  -6.2370  15.3462  5.3958 0.3986
mix.SameIssueArea.4.2           4.1155  -6.9447  15.1758  5.5301 0.4568
mix.SameIssueArea.4.3           6.6141  -5.9121  19.1402  6.2631 0.2910
mix.SameIssueArea.4.4          42.8694  -2.0968  87.8356 22.4831 0.0566
mix.SameIssueArea.4.5           6.7380 -22.9244  36.4003 14.8312 0.6496
mix.SameIssueArea.4.6           7.0628 -14.7618  28.8874 10.9123 0.5175
mix.SameIssueArea.4.7           5.9627  -6.5727  18.4981  6.2677 0.3414
mix.SameIssueArea.4.8           6.4095  -4.8673  17.6862  5.6384 0.2556
mix.SameIssueArea.4.9           4.7368  -6.3662  15.8398  5.5515 0.3935
mix.SameIssueArea.4.10          6.6088  -6.6379  19.8555  6.6233 0.3184
mix.SameIssueArea.4.11          6.5248 -14.0732  27.1229 10.2990 0.5264
mix.SameIssueArea.4.12          5.1846  -6.9382  17.3075  6.0614 0.3924
mix.SameIssueArea.4.13          7.4204 -29.3716  44.2125 18.3960 0.6867
mix.SameIssueArea.4.14          6.2215 -16.8432  29.2863 11.5324 0.5896
mix.SameIssueArea.5.1          -1.5868  -3.6302   0.4567  1.0217 0.1204
mix.SameIssueArea.5.2          -1.4076  -4.5753   1.7601  1.5838 0.3741
mix.SameIssueArea.5.3           1.2206  -5.4588   7.9000  3.3397 0.7148
mix.SameIssueArea.5.4           1.2652  -7.1893   9.7196  4.2272 0.7647
mix.SameIssueArea.5.5          38.4117 -12.6338  89.4572 25.5228 0.1323
mix.SameIssueArea.5.6           1.8614 -17.2245  20.9473  9.5429 0.8454
mix.SameIssueArea.5.7           1.3492  -5.3491   8.0474  3.3491 0.6871
mix.SameIssueArea.5.8           1.1901  -2.6656   5.0459  1.9279 0.5370
mix.SameIssueArea.5.9          -0.3296  -3.6430   2.9839  1.6567 0.8423
mix.SameIssueArea.5.10          0.8722  -7.0848   8.8291  3.9785 0.8265
mix.SameIssueArea.5.11          0.3468 -17.3700  18.0636  8.8584 0.9688
mix.SameIssueArea.5.12          0.6264  -5.2678   6.5207  2.9471 0.8317
mix.SameIssueArea.5.13          3.0540 -32.1851  38.2931 17.6196 0.8624
mix.SameIssueArea.5.14          1.0199 -19.5572  21.5969 10.2885 0.9210
mix.SameIssueArea.6.1           4.1195 -13.7981  22.0372  8.9588 0.6456
mix.SameIssueArea.6.2           4.1690 -13.9113  22.2492  9.0401 0.6447
mix.SameIssueArea.6.3           6.2837 -12.7303  25.2978  9.5070 0.5086
mix.SameIssueArea.6.4           6.1214 -13.5895  25.8323  9.8554 0.5345
mix.SameIssueArea.6.5           5.1519 -27.8220  38.1259 16.4870 0.7547
mix.SameIssueArea.6.6          44.2269  -5.9624  94.4162 25.0947 0.0780
mix.SameIssueArea.6.7           6.3669 -12.6553  25.3892  9.5111 0.5032
mix.SameIssueArea.6.8           6.7903 -11.4228  25.0035  9.1066 0.4559
mix.SameIssueArea.6.9           5.1742 -12.9321  23.2804  9.0531 0.5676
mix.SameIssueArea.6.10          6.8404 -12.6564  26.3373  9.7484 0.4829
mix.SameIssueArea.6.11          1.7495 -24.4944  27.9933 13.1219 0.8939
mix.SameIssueArea.6.12          6.2903 -12.4601  25.0406  9.3752 0.5023
mix.SameIssueArea.6.13          7.7938 -31.7141  47.3018 19.7540 0.6932
mix.SameIssueArea.6.14          7.1929 -19.9631  34.3490 13.5780 0.5963
mix.SameIssueArea.7.1          -1.6637  -3.1053  -0.2221  0.7208 0.0210
mix.SameIssueArea.7.2          -1.2114  -4.0270   1.6043  1.4078 0.3895
mix.SameIssueArea.7.3           1.5585  -4.9611   8.0781  3.2598 0.6326
mix.SameIssueArea.7.4           1.0308  -7.2982   9.3598  4.1645 0.8045
mix.SameIssueArea.7.5           1.5468 -26.1280  29.2215 13.8374 0.9110
mix.SameIssueArea.7.6           2.0197 -17.0048  21.0443  9.5123 0.8319
mix.SameIssueArea.7.7          37.7384  -5.6314  81.1082 21.6849 0.0818
mix.SameIssueArea.7.8           1.2189  -2.3522   4.7900  1.7855 0.4948
mix.SameIssueArea.7.9          -0.2914  -3.2681   2.6854  1.4884 0.8448
mix.SameIssueArea.7.10          1.7613  -6.0511   9.5737  3.9062 0.6521
mix.SameIssueArea.7.11         -0.9747 -18.6678  16.7184  8.8466 0.9123
mix.SameIssueArea.7.12         -0.1271  -5.8312   5.5769  2.8520 0.9644
mix.SameIssueArea.7.13          1.0604 -34.1597  36.2806 17.6101 0.9520
mix.SameIssueArea.7.14         -0.6582 -21.1135  19.7970 10.2276 0.9487
mix.SameIssueArea.8.1           0.2320  -1.1872   1.6512  0.7096 0.7437
mix.SameIssueArea.8.2           0.3634  -2.4435   3.1704  1.4035 0.7957
mix.SameIssueArea.8.3           2.7147  -3.8006   9.2300  3.2576 0.4047
mix.SameIssueArea.8.4           3.2454  -5.0745  11.5652  4.1599 0.4353
mix.SameIssueArea.8.5           3.6228 -24.0394  31.2850 13.8311 0.7934
mix.SameIssueArea.8.6           3.6610 -15.3562  22.6783  9.5086 0.7002
mix.SameIssueArea.8.7           3.1099  -3.4184   9.6382  3.2641 0.3407
mix.SameIssueArea.8.8          38.4814  -4.5420  81.5048 21.5117 0.0736
mix.SameIssueArea.8.9           1.4737  -1.4960   4.4435  1.4849 0.3210
mix.SameIssueArea.8.10          3.4635  -4.3453  11.2723  3.9044 0.3750
mix.SameIssueArea.8.11          2.7270 -14.8694  20.3234  8.7982 0.7566
mix.SameIssueArea.8.12          2.3389  -3.3530   8.0308  2.8460 0.4112
mix.SameIssueArea.8.13          3.7095 -31.4858  38.9048 17.5977 0.8330
mix.SameIssueArea.8.14          2.6219 -17.8030  23.0467 10.2124 0.7974
mix.SameIssueArea.9.1           0.2289  -1.0802   1.5380  0.6545 0.7266
mix.SameIssueArea.9.2           0.2318  -2.5213   2.9849  1.3765 0.8663
mix.SameIssueArea.9.3           2.5308  -3.9615   9.0231  3.2461 0.4356
mix.SameIssueArea.9.4           2.9443  -5.3579  11.2464  4.1511 0.4781
mix.SameIssueArea.9.5           3.5839 -24.0729  31.2406 13.8284 0.7955
mix.SameIssueArea.9.6           3.1908 -15.8193  22.2008  9.5050 0.7371
mix.SameIssueArea.9.7           2.8802  -3.6253   9.3858  3.2528 0.3759
mix.SameIssueArea.9.8           2.6893  -0.8344   6.2129  1.7618 0.1269
mix.SameIssueArea.9.9          36.5003  -6.4763  79.4769 21.4883 0.0894
mix.SameIssueArea.9.10          3.0375  -4.7524  10.8274  3.8950 0.4355
mix.SameIssueArea.9.11          2.4305 -15.1587  20.0196  8.7946 0.7823
mix.SameIssueArea.9.12          1.6354  -4.0316   7.3024  2.8335 0.5638
mix.SameIssueArea.9.13          3.7806 -31.4104  38.9716 17.5955 0.8299
mix.SameIssueArea.9.14          2.3998 -18.0185  22.8180 10.2091 0.8142
mix.SameIssueArea.10.1          3.5759  -5.8119  12.9637  4.6939 0.4462
mix.SameIssueArea.10.2          3.9202  -5.7745  13.6150  4.8474 0.4187
mix.SameIssueArea.10.3          6.5394  -4.7995  17.8783  5.6695 0.2487
mix.SameIssueArea.10.4          6.6786  -5.7858  19.1430  6.2322 0.2839
mix.SameIssueArea.10.5          7.1647 -22.0149  36.3443 14.5898 0.6234
mix.SameIssueArea.10.6          6.9175 -14.2474  28.0823 10.5824 0.5133
mix.SameIssueArea.10.7          6.9744  -4.3716  18.3204  5.6730 0.2189
mix.SameIssueArea.10.8          6.7887  -3.1519  16.7294  4.9703 0.1720
mix.SameIssueArea.10.9          4.9332  -4.8099  14.6762  4.8715 0.3112
mix.SameIssueArea.10.10        42.6642  -1.8934  87.2218 22.2788 0.0555
mix.SameIssueArea.10.11         6.7950 -13.1010  26.6911  9.9480 0.4946
mix.SameIssueArea.10.12         5.7449  -5.1431  16.6328  5.4440 0.2913
mix.SameIssueArea.10.13         5.5949 -30.8150  42.0047 18.2049 0.7586
mix.SameIssueArea.10.14         6.6961 -15.7409  29.1332 11.2185 0.5506
mix.SameIssueArea.11.1          1.7024 -15.4845  18.8894  8.5935 0.8430
mix.SameIssueArea.11.2          3.4186 -13.9195  20.7568  8.6691 0.6933
mix.SameIssueArea.11.3          3.5527 -14.8496  21.9549  9.2011 0.6994
mix.SameIssueArea.11.4          7.1682 -11.8566  26.1931  9.5124 0.4511
mix.SameIssueArea.11.5          6.0341 -26.5510  38.6193 16.2926 0.7111
mix.SameIssueArea.11.6          6.9672 -18.6295  32.5640 12.7984 0.5862
mix.SameIssueArea.11.7          3.5992 -14.8021  22.0004  9.2006 0.6957
mix.SameIssueArea.11.8          6.0543 -11.4206  23.5292  8.7374 0.4884
mix.SameIssueArea.11.9          4.4435 -12.9205  21.8076  8.6820 0.6088
mix.SameIssueArea.11.10         6.9038 -11.9040  25.7116  9.4039 0.4629
mix.SameIssueArea.11.11        43.8838  -5.5179  93.2854 24.7008 0.0756
mix.SameIssueArea.11.12         3.6629 -14.4154  21.7412  9.0392 0.6853
mix.SameIssueArea.11.13         1.9756 -39.1714  43.1226 20.5735 0.9235
mix.SameIssueArea.11.14         7.0425 -19.6077  33.6926 13.3251 0.5971
mix.SameIssueArea.12.1          3.1153  -7.3976  13.6281  5.2564 0.5534
mix.SameIssueArea.12.2          3.0129  -7.7755  13.8013  5.3942 0.5765
mix.SameIssueArea.12.3          5.3598  -6.9308  17.6504  6.1453 0.3831
mix.SameIssueArea.12.4          5.7772  -7.5584  19.1128  6.6678 0.3863
mix.SameIssueArea.12.5          6.2651 -23.3085  35.8387 14.7868 0.6718
mix.SameIssueArea.12.6          6.6595 -15.0290  28.3480 10.8442 0.5391
mix.SameIssueArea.12.7          5.3796  -6.9155  17.6747  6.1476 0.3815
mix.SameIssueArea.12.8          5.8309  -5.1776  16.8394  5.5043 0.2894
mix.SameIssueArea.12.9          3.8664  -6.9647  14.6975  5.4156 0.4753
mix.SameIssueArea.12.10         5.8497  -7.1707  18.8701  6.5102 0.3689
mix.SameIssueArea.12.11         4.6491 -15.8424  25.1407 10.2458 0.6500
mix.SameIssueArea.12.12        42.4569  -2.0307  86.9445 22.2438 0.0563
mix.SameIssueArea.12.13         6.0009 -30.7270  42.7288 18.3639 0.7438
mix.SameIssueArea.12.14         4.9083 -18.0295  27.8461 11.4689 0.6687
mix.SameIssueArea.13.1          4.7486 -33.2827  42.7799 19.0156 0.8028
mix.SameIssueArea.13.2          4.8718 -33.2362  42.9798 19.0540 0.7982
mix.SameIssueArea.13.3          7.5277 -31.0329  46.0883 19.2803 0.6962
mix.SameIssueArea.13.4          7.5707 -31.3373  46.4788 19.4540 0.6972
mix.SameIssueArea.13.5          7.1615 -39.8697  54.1927 23.5156 0.7607
mix.SameIssueArea.13.6          7.6541 -34.8668  50.1750 21.2604 0.7188
mix.SameIssueArea.13.7          7.1413 -31.4249  45.7076 19.2831 0.7111
mix.SameIssueArea.13.8          7.2905 -30.8805  45.4615 19.0855 0.7025
mix.SameIssueArea.13.9          5.8163 -32.3039  43.9364 19.0601 0.7602
mix.SameIssueArea.13.10         7.8169 -30.9834  46.6171 19.4001 0.6870
mix.SameIssueArea.13.11         7.2166 -34.7113  49.1445 20.9640 0.7307
mix.SameIssueArea.13.12         6.6700 -31.7643  45.1043 19.2171 0.7285
mix.SameIssueArea.13.13        43.1685 -40.4589 126.7959 41.8137 0.3019
mix.SameIssueArea.13.14         1.7910 -42.7762  46.3581 22.2836 0.9359
mix.SameIssueArea.14.1        -37.2953 -75.0703   0.4797 18.8875 0.0483
mix.SameIssueArea.14.2        -37.5226 -75.3243   0.2792 18.9009 0.0471
mix.SameIssueArea.14.3        -35.8123 -74.1279   2.5034 19.1578 0.0616
mix.SameIssueArea.14.4        -33.8488 -72.4607   4.7631 19.3059 0.0796
mix.SameIssueArea.14.5        -37.6495 -89.5310  14.2320 25.9407 0.1467
mix.SameIssueArea.14.6        -32.6261 -74.8590   9.6069 21.1165 0.1223
mix.SameIssueArea.14.7        -38.4141 -76.9435   0.1153 19.2647 0.0462
mix.SameIssueArea.14.8        -34.7725 -72.6291   3.0841 18.9283 0.0662
mix.SameIssueArea.14.9        -35.7433 -73.5488   2.0623 18.9028 0.0586
mix.SameIssueArea.14.10       -34.4618 -72.9606   4.0369 19.2494 0.0734
mix.SameIssueArea.14.11       -38.4912 -81.9484   4.9659 21.7286 0.0765
mix.SameIssueArea.14.12       -35.0667 -73.1874   3.0539 19.0603 0.0658
instar2_sendertime             -0.0002  -0.0003  -0.0002  0.0000 0.0000
outstar2_sendertime            -0.0003  -0.0004  -0.0003  0.0000 0.0000
mutual_sendertime               0.1826   0.0863   0.2788  0.0481 0.0001
triangle_sendertime             0.0000  -0.0005   0.0005  0.0002 0.9468
mq_sendertime                   0.0016   0.0009   0.0023  0.0003 0.0000
sameissuearea_sendertime       -0.0055  -0.0065  -0.0044  0.0005 0.0000
yeardiff_sendertime             0.0005   0.0003   0.0006  0.0001 0.0000
yeardiffsquare_sendertime       0.0000   0.0000   0.0000  0.0000 0.0000
AbsDiffMQscores_sendertime     -0.0011  -0.0015  -0.0008  0.0002 0.0000
NumberJusticesPro_sendertime    0.0024   0.0020   0.0028  0.0002 0.0000
Overruled_sendertime            0.0126   0.0053   0.0199  0.0036 0.0005
jusitcehomophily_sendertime    -0.0042  -0.0060  -0.0025  0.0009 0.0000
> 
> colnames(mpledata)[12]
[1] "edgecov.sender.time.t"
> 
> # nonparametric bootstrap resampling
> nboot <- 200 # this number should be 200 or higher
> ncoef <- length(coef(mple.est))
> boot.results <- matrix(NA,nboot,ncoef)
> # need to weight by the number of potential edges in a time period
> n.per.time <- table(mpledata[,12])
> # get unique sender times, over which to weight
> unique.sender.times <- as.numeric(names(n.per.time))
> # calculate weights for weighted resampling of times
> #time.weights <- n.per.time/sum(n.per.time)
> 
> # loop over bootstrap iterations (easily paralellize)
> coef1<-foreach(b=1:nboot, .combine=cbind)%dopar%{
+   print(b)
+   # sample time periods with replacement
+   time.periods.b <- sample(unique.sender.times,length(unique.sender.times),rep=T)
+   # construct the data for iteration b
+   data.b <- list()
+   for(k in 1:length(time.periods.b)){
+    t<- time.periods.b[k]
+     data.b[[k]] <- subset(mpledata,mpledata[,12]==t)
+   }
+   # collapse into a matrix
+   data.b <- do.call('rbind',data.b)
+   # convert to data frame
+   data.b <- data.frame(data.b)
+   # run mple
+   mple.est.b <- bigglm(edgeij ~ istar2+ostar2+mutual+triangle+ edgecov.mq.t+ edgecov.same.issue.area.t+ edgecov.year.diff.t +edgecov.year.diff.square.t +  
+                 nodeicov.AbsDiffMQscores+ nodeicov.NumberJusticesPro+ edgecov.year.t + nodeifactor.SameIssueArea.2+ nodeifactor.SameIssueArea.3+ 
+                 nodeifactor.SameIssueArea.4+nodeifactor.SameIssueArea.5+ nodeifactor.SameIssueArea.6+ nodeifactor.SameIssueArea.7+ 
+                 nodeifactor.SameIssueArea.8+nodeifactor.SameIssueArea.9+  nodeifactor.SameIssueArea.10+
+                 nodeifactor.SameIssueArea.11+ nodeifactor.SameIssueArea.12+ nodeifactor.SameIssueArea.13+nodeifactor.SameIssueArea.14+ 
+                 nodeofactor.SameIssueArea.2+ nodeofactor.SameIssueArea.3+ nodeofactor.SameIssueArea.4+nodeofactor.SameIssueArea.5+ 
+                 nodeofactor.SameIssueArea.6+nodeofactor.SameIssueArea.7+
+                 nodeofactor.SameIssueArea.8+nodeofactor.SameIssueArea.9+nodeofactor.SameIssueArea.10+ nodeofactor.SameIssueArea.11+ 
+                 nodeofactor.SameIssueArea.12+ nodeofactor.SameIssueArea.13+nodeofactor.SameIssueArea.14+ nodeicov.Overruled +
+                 edgecov.same.opinion.writer.t + nodeifactor.MajOpWriter.68 + nodeifactor.MajOpWriter.71+
+                 nodeifactor.MajOpWriter.72+ nodeifactor.MajOpWriter.74+ nodeifactor.MajOpWriter.75+ nodeifactor.MajOpWriter.76+ nodeifactor.MajOpWriter.77 +nodeifactor.MajOpWriter.78+
+                 nodeifactor.MajOpWriter.79+ nodeifactor.MajOpWriter.80+ nodeifactor.MajOpWriter.81+ nodeifactor.MajOpWriter.82+ nodeifactor.MajOpWriter.83+ nodeifactor.MajOpWriter.84+
+                 nodeifactor.MajOpWriter.85+ nodeifactor.MajOpWriter.86+ nodeifactor.MajOpWriter.87+ nodeifactor.MajOpWriter.88+ nodeifactor.MajOpWriter.89+ nodeifactor.MajOpWriter.90+
+                 nodeifactor.MajOpWriter.91+ nodeifactor.MajOpWriter.92+ nodeifactor.MajOpWriter.93+ nodeifactor.MajOpWriter.94+ nodeifactor.MajOpWriter.95+ nodeifactor.MajOpWriter.96+
+                 nodeifactor.MajOpWriter.97+ nodeifactor.MajOpWriter.98+ nodeifactor.MajOpWriter.99+ nodeifactor.MajOpWriter.100+ nodeifactor.MajOpWriter.101+ nodeifactor.MajOpWriter.102+
+                 nodeifactor.MajOpWriter.103+ nodeifactor.MajOpWriter.104+ nodeifactor.MajOpWriter.105+ nodeifactor.MajOpWriter.106+ nodeifactor.MajOpWriter.107+ nodeifactor.MajOpWriter.108+
+                 nodeifactor.MajOpWriter.109+ nodeifactor.MajOpWriter.110+ nodeifactor.MajOpWriter.111+ nodeifactor.MajOpWriter.112+ nodeifactor.MajOpWriter.113+ nodeifactor.MajOpWriter.114+
+                 nodeofactor.MajOpWriter.68+ nodeofactor.MajOpWriter.71+
+                 nodeofactor.MajOpWriter.72+ nodeofactor.MajOpWriter.74+ nodeofactor.MajOpWriter.75+ nodeofactor.MajOpWriter.76+ nodeofactor.MajOpWriter.77+ nodeofactor.MajOpWriter.78+
+                 nodeofactor.MajOpWriter.79+ nodeofactor.MajOpWriter.80+ nodeofactor.MajOpWriter.81+ nodeofactor.MajOpWriter.82+ nodeofactor.MajOpWriter.83+ nodeofactor.MajOpWriter.84+
+                 nodeofactor.MajOpWriter.85+ nodeofactor.MajOpWriter.86+ nodeofactor.MajOpWriter.87+ nodeofactor.MajOpWriter.88+ nodeofactor.MajOpWriter.89+ nodeofactor.MajOpWriter.90+
+                 nodeofactor.MajOpWriter.91+ nodeofactor.MajOpWriter.92+ nodeofactor.MajOpWriter.93+ nodeofactor.MajOpWriter.94+ nodeofactor.MajOpWriter.95+ nodeofactor.MajOpWriter.96+
+                 nodeofactor.MajOpWriter.97+ nodeofactor.MajOpWriter.98+ nodeofactor.MajOpWriter.99+ nodeofactor.MajOpWriter.100+ nodeofactor.MajOpWriter.101+ nodeofactor.MajOpWriter.102+
+                 nodeofactor.MajOpWriter.103+ nodeofactor.MajOpWriter.104+ nodeofactor.MajOpWriter.105+ nodeofactor.MajOpWriter.106+ nodeofactor.MajOpWriter.107+ nodeofactor.MajOpWriter.108+
+                 nodeofactor.MajOpWriter.109+ nodeofactor.MajOpWriter.110+ nodeofactor.MajOpWriter.111+ nodeofactor.MajOpWriter.112+ nodeofactor.MajOpWriter.113+ nodeofactor.MajOpWriter.114+
+                 mix.SameIssueArea.1.1+ mix.SameIssueArea.1.2+ mix.SameIssueArea.1.3+ mix.SameIssueArea.1.4+ mix.SameIssueArea.1.5+ mix.SameIssueArea.1.6+ mix.SameIssueArea.1.7+ mix.SameIssueArea.1.8+
+                 mix.SameIssueArea.1.9+ mix.SameIssueArea.1.10+ mix.SameIssueArea.1.11+ mix.SameIssueArea.1.12+ mix.SameIssueArea.1.13+ mix.SameIssueArea.1.14+ mix.SameIssueArea.2.1+ mix.SameIssueArea.2.2+
+                 mix.SameIssueArea.2.3+mix.SameIssueArea.2.4+mix.SameIssueArea.2.5+mix.SameIssueArea.2.6+mix.SameIssueArea.2.7+mix.SameIssueArea.2.8+mix.SameIssueArea.2.9+mix.SameIssueArea.2.10+
+                 mix.SameIssueArea.2.11+mix.SameIssueArea.2.12+mix.SameIssueArea.2.13+mix.SameIssueArea.2.14+mix.SameIssueArea.3.1+mix.SameIssueArea.3.2+mix.SameIssueArea.3.3+mix.SameIssueArea.3.4+
+                 mix.SameIssueArea.3.5+mix.SameIssueArea.3.6+mix.SameIssueArea.3.7+mix.SameIssueArea.3.8+mix.SameIssueArea.3.9+mix.SameIssueArea.3.10+mix.SameIssueArea.3.11+mix.SameIssueArea.3.12+
+                 mix.SameIssueArea.3.13+mix.SameIssueArea.3.14+mix.SameIssueArea.4.1+mix.SameIssueArea.4.2+mix.SameIssueArea.4.3+mix.SameIssueArea.4.4+mix.SameIssueArea.4.5+mix.SameIssueArea.4.6+
+                 mix.SameIssueArea.4.7+mix.SameIssueArea.4.8+mix.SameIssueArea.4.9+mix.SameIssueArea.4.10+mix.SameIssueArea.4.11+mix.SameIssueArea.4.12+mix.SameIssueArea.4.13+mix.SameIssueArea.4.14+
+                 mix.SameIssueArea.5.1+mix.SameIssueArea.5.2+mix.SameIssueArea.5.3+mix.SameIssueArea.5.4+mix.SameIssueArea.5.5+mix.SameIssueArea.5.6+mix.SameIssueArea.5.7+mix.SameIssueArea.5.8+
+                 mix.SameIssueArea.5.9+mix.SameIssueArea.5.10+mix.SameIssueArea.5.11+mix.SameIssueArea.5.12+mix.SameIssueArea.5.13+mix.SameIssueArea.5.14+mix.SameIssueArea.6.1+mix.SameIssueArea.6.2+
+                 mix.SameIssueArea.6.3+mix.SameIssueArea.6.4+mix.SameIssueArea.6.5+mix.SameIssueArea.6.6+mix.SameIssueArea.6.7+mix.SameIssueArea.6.8+mix.SameIssueArea.6.9+mix.SameIssueArea.6.10+
+                 mix.SameIssueArea.6.11+mix.SameIssueArea.6.12+mix.SameIssueArea.6.13+mix.SameIssueArea.6.14+mix.SameIssueArea.7.1+mix.SameIssueArea.7.2+mix.SameIssueArea.7.3+mix.SameIssueArea.7.4+
+                 mix.SameIssueArea.7.5+mix.SameIssueArea.7.6+mix.SameIssueArea.7.7+mix.SameIssueArea.7.8+mix.SameIssueArea.7.9+mix.SameIssueArea.7.10+mix.SameIssueArea.7.11+mix.SameIssueArea.7.12+
+                 mix.SameIssueArea.7.13+mix.SameIssueArea.7.14+mix.SameIssueArea.8.1+mix.SameIssueArea.8.2+mix.SameIssueArea.8.3+mix.SameIssueArea.8.4+mix.SameIssueArea.8.5+mix.SameIssueArea.8.6+
+                 mix.SameIssueArea.8.7+mix.SameIssueArea.8.8+mix.SameIssueArea.8.9+mix.SameIssueArea.8.10+mix.SameIssueArea.8.11+mix.SameIssueArea.8.12+mix.SameIssueArea.8.13+mix.SameIssueArea.8.14+
+                 mix.SameIssueArea.9.1+mix.SameIssueArea.9.2+mix.SameIssueArea.9.3+mix.SameIssueArea.9.4+mix.SameIssueArea.9.5+mix.SameIssueArea.9.6+mix.SameIssueArea.9.7+mix.SameIssueArea.9.8+
+                 mix.SameIssueArea.9.9+mix.SameIssueArea.9.10+mix.SameIssueArea.9.11+mix.SameIssueArea.9.12+mix.SameIssueArea.9.13+mix.SameIssueArea.9.14+mix.SameIssueArea.10.1+mix.SameIssueArea.10.2+
+                 mix.SameIssueArea.10.3+mix.SameIssueArea.10.4+mix.SameIssueArea.10.5+mix.SameIssueArea.10.6+mix.SameIssueArea.10.7+mix.SameIssueArea.10.8+mix.SameIssueArea.10.9+mix.SameIssueArea.10.10+                         
+                 mix.SameIssueArea.10.11+mix.SameIssueArea.10.12+mix.SameIssueArea.10.13+mix.SameIssueArea.10.14+mix.SameIssueArea.11.1+mix.SameIssueArea.11.2+mix.SameIssueArea.11.3+mix.SameIssueArea.11.4+
+                 mix.SameIssueArea.11.5+mix.SameIssueArea.11.6+mix.SameIssueArea.11.7+mix.SameIssueArea.11.8+mix.SameIssueArea.11.9+mix.SameIssueArea.11.10+mix.SameIssueArea.11.11+mix.SameIssueArea.11.12+
+                 mix.SameIssueArea.11.13+mix.SameIssueArea.11.14+mix.SameIssueArea.12.1+mix.SameIssueArea.12.2+mix.SameIssueArea.12.3+mix.SameIssueArea.12.4+mix.SameIssueArea.12.5+mix.SameIssueArea.12.6+
+                 mix.SameIssueArea.12.7+mix.SameIssueArea.12.8+mix.SameIssueArea.12.9+mix.SameIssueArea.12.10+mix.SameIssueArea.12.11+mix.SameIssueArea.12.12+mix.SameIssueArea.12.13+mix.SameIssueArea.12.14+
+                 mix.SameIssueArea.13.1+mix.SameIssueArea.13.2+mix.SameIssueArea.13.3+mix.SameIssueArea.13.4+mix.SameIssueArea.13.5+mix.SameIssueArea.13.6+mix.SameIssueArea.13.7+mix.SameIssueArea.13.8+
+                 mix.SameIssueArea.13.9+mix.SameIssueArea.13.10+mix.SameIssueArea.13.11+mix.SameIssueArea.13.12+mix.SameIssueArea.13.13+mix.SameIssueArea.13.14+mix.SameIssueArea.14.1+mix.SameIssueArea.14.2+
+                 mix.SameIssueArea.14.3+mix.SameIssueArea.14.4+mix.SameIssueArea.14.5+mix.SameIssueArea.14.6+mix.SameIssueArea.14.7+mix.SameIssueArea.14.8+mix.SameIssueArea.14.9+mix.SameIssueArea.14.10+
+                 mix.SameIssueArea.14.11+mix.SameIssueArea.14.12+
+                 instar2_sendertime+outstar2_sendertime+ mutual_sendertime+ triangle_sendertime+mq_sendertime +sameissuearea_sendertime+
+                 yeardiff_sendertime + yeardiffsquare_sendertime+ AbsDiffMQscores_sendertime + NumberJusticesPro_sendertime+ Overruled_sendertime+
+                 jusitcehomophily_sendertime  ,family=binomial(logit),data=data.b)
+   # store results
+   coef(mple.est.b)
+ }
[1] 1
[1] 2
[1] 3
[1] 4
[1] 5
[1] 6
[1] 7
[1] 8
[1] 9
[1] 10
[1] 18
[1] 12
[1] 14
[1] 20
[1] 16
[1] 19
[1] 28
[1] 22
[1] 24
[1] 30
[1] 26
[1] 29
[1] 38
[1] 40
[1] 32
[1] 34
[1] 36
[1] 39
[1] 48
[1] 42
[1] 44
[1] 50
[1] 49
[1] 46
[1] 58
[1] 54
[1] 52
[1] 59
[1] 60
[1] 56
[1] 68
[1] 64
[1] 62
[1] 69
[1] 70
[1] 66
[1] 78
[1] 74
[1] 72
[1] 80
[1] 79
[1] 76
[1] 84
[1] 88
[1] 82
[1] 90
[1] 86
[1] 89
[1] 94
[1] 98
[1] 96
[1] 100
[1] 92
[1] 99
[1] 104
[1] 108
[1] 106
[1] 110
[1] 102
[1] 109
[1] 114
[1] 118
[1] 116
[1] 112
[1] 120
[1] 119
[1] 124
[1] 128
[1] 126
[1] 122
[1] 130
[1] 129
[1] 134
[1] 138
[1] 136
[1] 140
[1] 132
[1] 139
[1] 144
[1] 148
[1] 142
[1] 146
[1] 150
[1] 149
[1] 154
[1] 158
[1] 152
[1] 160
[1] 156
[1] 159
[1] 164
[1] 168
[1] 170
[1] 162
[1] 166
[1] 169
[1] 174
[1] 178
[1] 180
[1] 172
[1] 176
[1] 179
[1] 184
[1] 188
[1] 190
[1] 182
[1] 189
[1] 186
[1] 194
[1] 198
[1] 200
[1] 192
[1] 199
[1] 196
> 
> write.csv(coef1, file = "bootresults_1_parallel10.csv")
> 
> ### take percentiles
> 
> apply(coef1, 2, quantile, probs = c(0.025, 0.975),  na.rm = TRUE)
       result.2  result.4  result.6  result.8  result.9 result.10 result.12
2.5%  -2.449441 -3.011339 -2.571040 -2.361392 -3.530621 -2.978991 -1.905921
97.5%  7.332847  8.004466  6.237666  6.153729  5.785115  7.659102  6.965127
      result.15 result.16 result.18 result.19 result.20 result.24 result.28
2.5%  -2.587576 -2.367382 -1.875240 -3.000347 -3.182681 -2.925787 -3.187354
97.5%  7.139519  7.301529  6.755348  7.907154  7.966622  7.913912  7.183182
      result.29 result.30 result.31 result.33 result.36 result.38 result.39
2.5%  -3.009093 -2.905320 -2.430692 -2.984280 -2.680526 -3.923933 -2.959112
97.5%  7.962644  8.013876  6.736662  7.718729  7.607805 10.685681  6.447653
      result.40 result.42 result.44 result.45 result.48 result.49 result.50
2.5%  -1.785344 -2.945864 -2.258555 -2.616577 -2.637571 -3.141661 -3.068763
97.5%  6.622445  7.838891  7.054320  7.914218  7.449234  8.134233  7.827018
      result.51 result.52 result.58 result.59 result.60 result.68 result.69
2.5%  -1.878885 -2.605925 -2.073581 -2.420823 -3.072040 -2.815838 -2.439325
97.5%  6.656780  7.664264  6.956743  7.310280  7.816096  7.631140  7.354867
      result.70     result.75 result.77 result.78 result.79 result.80 result.82
2.5%  -3.055784 -8.911222e+15 -2.209687 -2.447250 -2.121102 -2.934731 -2.955632
97.5%  8.084967  4.503548e+15  6.939289  7.106714  6.713499  4.983585  6.149728
      result.85 result.87 result.88 result.89 result.90 result.93 result.96
2.5%  -2.688453 -9.834955 -2.819955 -3.283173 -2.797107 -3.210115 -1.980289
97.5%  5.750902 13.297658  7.635945  8.419836  7.528991  7.840513  6.570767
          result.98 result.99 result.100 result.101 result.104 result.105
2.5%  -8.845832e+15 -2.417704  -2.683355  -2.790492  -3.099137  -3.278586
97.5%  4.521994e+15  7.384111   5.896534   6.858399   7.884500   8.195787
      result.108 result.109 result.110 result.111 result.114 result.117
2.5%   -64.88867  -3.316983  -1.933869  -2.911316  -2.440420  -3.239347
97.5%   69.28481   6.291697   6.504565   7.322742   6.901222   4.950880
      result.118    result.119 result.120 result.123 result.125 result.128
2.5%   -4.151674 -6.622941e+13  -2.905708  -2.547124  -2.886847  -3.239881
97.5%   5.289317  6.622941e+13   7.600151   7.688135   6.709988   8.317508
      result.129 result.130    result.132 result.133 result.138 result.139
2.5%   -2.853700  -2.614213 -6.449497e+13  -3.306856  -3.374939  -3.341372
97.5%   7.477436   7.566543  6.449497e+13   7.924074   8.287977   6.816892
      result.140 result.141 result.148 result.149 result.150 result.158
2.5%   -2.629857  -1.836428  -2.804211  -3.126508  -2.634616  -2.659367
97.5%   7.285733   6.890040   5.856128   7.755118   7.160589   7.681045
      result.159 result.160 result.168 result.169 result.170 result.177
2.5%   -3.134265  -2.101442  -3.280944  -2.615068  -2.163826  -2.708853
97.5%   8.239432   6.624139   8.154248   7.739892   7.117946   6.895919
      result.178 result.179 result.180    result.188 result.189 result.190
2.5%   -2.881583  -2.555544  -3.260185 -5.773846e+13  -2.423133  -2.281589
97.5%   7.717258   7.214994   7.966410  5.773846e+13   7.159962   6.823144
      result.198 result.199 result.200
2.5%   -3.207234  -3.139555  -3.214122
97.5%   7.931587   8.033071   8.067961
> 
> 
> 
> 
