
R version 3.5.2 (2018-12-20) -- "Eggshell Igloo"
Copyright (C) 2018 The R Foundation for Statistical Computing
Platform: x86_64-redhat-linux-gnu (64-bit)

R is free software and comes with ABSOLUTELY NO WARRANTY.
You are welcome to redistribute it under certain conditions.
Type 'license()' or 'licence()' for distribution details.

R is a collaborative project with many contributors.
Type 'contributors()' for more information and
'citation()' on how to cite R or R packages in publications.

Type 'demo()' for some demos, 'help()' for on-line help, or
'help.start()' for an HTML browser interface to help.
Type 'q()' to quit R.

> 
> # get data
> load(file="ERCM_MPLE_cl.RData")
> 
> # install.packages("statnet", Sys.getenv("R_LIBS_USER"), repos = "http://cran.case.edu" )
> library(statnet)
> library(MLmetrics)
> library(xtable)
> library(tc.ergmterms)
> 
> # there are cases in 1962 marked as 1963 and in 1971 marked as 1972
> scc1[3364,11] <- 1962
> scc1[4648,11] <- 1971
> 
> 
> year.total <- scc1[,11]-1936 #-1936 => the first year 1937 is 1, 1938 is 2 aso, term column 
> 
> set.seed(12123)
> #sampled.years <- c(14, 24, 34, 44, 54, 64, 74)
> 
> t<- 71
>   print(t+1936)
[1] 2007
> tt<- t+1936
>   rowlasttt <- max(which(scc1[,11] == tt))
>   idt <- scc1[rowlasttt, 55]  
> 
>   
>   cases <- max(which(year.total==t)) # 14 corresponds to 1950
>   
>   # simple assignment of time periods to cases
>   years <- year.total[1:cases] 
>   
>   # going to need a sender time matrix covariate
>   sender.time <- matrix(years,length(years),length(years),byrow=F)
>   year <- matrix(years, length(years),length(years),byrow=F)
>   
>    # extract the network up to time t
>   AM <- adjacency.matrix[which(years <= t),which(years <= t)]
>   
>   net.t <- network(AM) 
>   
>   #calculate outdegree
>   o.degree<- rowSums(AM)
>   
>   # fix the outdegrees of time t as 0
>   last.t<- which(years==t)
>   
>   o.degree[last.t]<- 0
>   
>   # indicate outdegree and term as a node attribute
>   net.t <- set.vertex.attribute(net.t,"o.degree", o.degree)
